<?xml version="1.0" encoding="UTF-8"?>
<!-- Generated by org.testng.reporters.JUnitReportReporter -->
<testsuite hostname="Garima" failures="0" tests="1" name="Cucumber.TestNGTestRunner" time="22.915" errors="0" timestamp="2024-05-05T17:13:17 IST" skipped="0">
  <testcase classname="Cucumber.TestNGTestRunner" name="runScenario" time="22.915"/>
  <system-out/>
</testsuite> <!-- Cucumber.TestNGTestRunner -->
