<?xml version="1.0" encoding="UTF-8"?>
<!-- Generated by org.testng.reporters.JUnitReportReporter -->
<testsuite hostname="Garima" failures="0" tests="2" name="rahulshettyacademy.tests.SubmitOrderTest" time="29.763" errors="0" timestamp="2024-05-05T17:11:49 IST" skipped="0">
  <testcase classname="rahulshettyacademy.tests.SubmitOrderTest" name="SubmitOrder" time="20.652"/>
  <system-out/>
  <testcase classname="rahulshettyacademy.tests.SubmitOrderTest" name="SubmitOrder" time="9.111"/>
  <system-out/>
</testsuite> <!-- rahulshettyacademy.tests.SubmitOrderTest -->
